# JRE version: Java(TM) SE Runtime Environment (11.0.1+13) (build 11.0.1+13-LTS)
# Java VM: Java HotSpot(TM) 64-Bit Server VM (11.0.1+13-LTS, mixed mode, tiered, compressed oops, g1 gc, windows-amd64)
Heap:
 garbage-first heap   total 95232K, used 41984K [0x00000000c1600000, 0x0000000100000000)
  region size 1024K, 10 young (10240K), 3 survivors (3072K)
 Metaspace       used 81727K, capacity 83225K, committed 83284K, reserved 1122304K
  class space    used 9780K, capacity 10298K, committed 10324K, reserved 1048576K
GC Heap History (10 events):
Event: 15.512 GC heap before
{Heap before GC invocations=19 (full 0):
 garbage-first heap   total 95232K, used 66582K [0x00000000c1600000, 0x0000000100000000)
  region size 1024K, 40 young (40960K), 3 survivors (3072K)
 Metaspace       used 66024K, capacity 67249K, committed 67540K, reserved 1107968K
  class space    used 8323K, capacity 8776K, committed 8916K, reserved 1048576K
}
Event: 15.522 GC heap after
{Heap after GC invocations=20 (full 0):
 garbage-first heap   total 95232K, used 30725K [0x00000000c1600000, 0x0000000100000000)
  region size 1024K, 4 young (4096K), 4 survivors (4096K)
 Metaspace       used 66024K, capacity 67249K, committed 67540K, reserved 1107968K
  class space    used 8323K, capacity 8776K, committed 8916K, reserved 1048576K
}
Event: 24.074 GC heap before
{Heap before GC invocations=20 (full 0):
 garbage-first heap   total 95232K, used 67589K [0x00000000c1600000, 0x0000000100000000)
  region size 1024K, 41 young (41984K), 4 survivors (4096K)
 Metaspace       used 69554K, capacity 70901K, committed 70996K, reserved 1112064K
  class space    used 8778K, capacity 9280K, committed 9300K, reserved 1048576K
}
Event: 24.087 GC heap after
{Heap after GC invocations=21 (full 0):
 garbage-first heap   total 95232K, used 32761K [0x00000000c1600000, 0x0000000100000000)
  region size 1024K, 5 young (5120K), 5 survivors (5120K)
 Metaspace       used 69554K, capacity 70901K, committed 70996K, reserved 1112064K
  class space    used 8778K, capacity 9280K, committed 9300K, reserved 1048576K
}
Event: 25.290 GC heap before
{Heap before GC invocations=21 (full 0):
 garbage-first heap   total 95232K, used 69625K [0x00000000c1600000, 0x0000000100000000)
  region size 1024K, 42 young (43008K), 5 survivors (5120K)
 Metaspace       used 77155K, capacity 78513K, committed 78676K, reserved 1118208K
  class space    used 9448K, capacity 9940K, committed 10068K, reserved 1048576K
}
Event: 25.307 GC heap after
{Heap after GC invocations=22 (full 0):
 garbage-first heap   total 95232K, used 34358K [0x00000000c1600000, 0x0000000100000000)
  region size 1024K, 4 young (4096K), 4 survivors (4096K)
 Metaspace       used 77155K, capacity 78513K, committed 78676K, reserved 1118208K
  class space    used 9448K, capacity 9940K, committed 10068K, reserved 1048576K
}
Event: 28.232 GC heap before
{Heap before GC invocations=22 (full 0):
 garbage-first heap   total 95232K, used 71222K [0x00000000c1600000, 0x0000000100000000)
  region size 1024K, 41 young (41984K), 4 survivors (4096K)
 Metaspace       used 80386K, capacity 81798K, committed 82004K, reserved 1120256K
  class space    used 9730K, capacity 10240K, committed 10324K, reserved 1048576K
}
Event: 28.242 GC heap after
{Heap after GC invocations=23 (full 0):
 garbage-first heap   total 95232K, used 36212K [0x00000000c1600000, 0x0000000100000000)
  region size 1024K, 4 young (4096K), 4 survivors (4096K)
 Metaspace       used 80386K, capacity 81798K, committed 82004K, reserved 1120256K
  class space    used 9730K, capacity 10240K, committed 10324K, reserved 1048576K
}
Event: 43.384 GC heap before
{Heap before GC invocations=23 (full 0):
 garbage-first heap   total 95232K, used 73076K [0x00000000c1600000, 0x0000000100000000)
  region size 1024K, 41 young (41984K), 4 survivors (4096K)
 Metaspace       used 81642K, capacity 83090K, committed 83284K, reserved 1122304K
  class space    used 9779K, capacity 10296K, committed 10324K, reserved 1048576K
}
Event: 43.390 GC heap after
{Heap after GC invocations=24 (full 0):
 garbage-first heap   total 95232K, used 35840K [0x00000000c1600000, 0x0000000100000000)
  region size 1024K, 3 young (3072K), 3 survivors (3072K)
 Metaspace       used 81642K, capacity 83090K, committed 83284K, reserved 1122304K
  class space    used 9779K, capacity 10296K, committed 10324K, reserved 1048576K
}

